{"C:\\Users\\memo_\\OneDrive\\Desktop\\Programing\\Web dev bootcamp\\Front-End\\React\\project\\frontend\\src\\components\\Greeting.tsx": {"path":"C:\\Users\\memo_\\OneDrive\\Desktop\\Programing\\Web dev bootcamp\\Front-End\\React\\project\\frontend\\src\\components\\Greeting.tsx","all":false,"statementMap":{"0":{"start":{"line":1,"column":0},"end":{"line":1,"column":33}},"1":{"start":{"line":2,"column":0},"end":{"line":2,"column":0}},"2":{"start":{"line":3,"column":0},"end":{"line":3,"column":60}},"3":{"start":{"line":4,"column":0},"end":{"line":4,"column":42}},"4":{"start":{"line":5,"column":0},"end":{"line":5,"column":10}},"5":{"start":{"line":6,"column":0},"end":{"line":6,"column":6}},"6":{"start":{"line":7,"column":0},"end":{"line":7,"column":86}},"7":{"start":{"line":8,"column":0},"end":{"line":8,"column":24}},"8":{"start":{"line":9,"column":0},"end":{"line":9,"column":12}},"9":{"start":{"line":10,"column":0},"end":{"line":10,"column":16}},"10":{"start":{"line":11,"column":0},"end":{"line":11,"column":71}},"11":{"start":{"line":12,"column":0},"end":{"line":12,"column":11}},"12":{"start":{"line":13,"column":0},"end":{"line":13,"column":70}},"13":{"start":{"line":14,"column":0},"end":{"line":14,"column":8}},"14":{"start":{"line":15,"column":0},"end":{"line":15,"column":13}},"15":{"start":{"line":16,"column":0},"end":{"line":16,"column":38}},"16":{"start":{"line":17,"column":0},"end":{"line":17,"column":69}},"17":{"start":{"line":18,"column":0},"end":{"line":18,"column":7}},"18":{"start":{"line":19,"column":0},"end":{"line":19,"column":16}},"19":{"start":{"line":20,"column":0},"end":{"line":20,"column":15}},"20":{"start":{"line":21,"column":0},"end":{"line":21,"column":7}},"21":{"start":{"line":22,"column":0},"end":{"line":22,"column":4}},"22":{"start":{"line":23,"column":0},"end":{"line":23,"column":2}},"23":{"start":{"line":24,"column":0},"end":{"line":24,"column":0}},"24":{"start":{"line":25,"column":0},"end":{"line":25,"column":24}}},"s":{"0":1,"1":1,"2":1,"3":6,"4":6,"5":6,"6":6,"7":6,"8":6,"9":6,"10":4,"11":2,"12":2,"13":6,"14":6,"15":6,"16":6,"17":6,"18":6,"19":6,"20":6,"21":6,"22":6,"23":1,"24":1},"branchMap":{"0":{"type":"branch","line":3,"loc":{"start":{"line":3,"column":45},"end":{"line":23,"column":2}},"locations":[{"start":{"line":3,"column":45},"end":{"line":23,"column":2}}]},"1":{"type":"branch","line":10,"loc":{"start":{"line":10,"column":8},"end":{"line":11,"column":71}},"locations":[{"start":{"line":10,"column":8},"end":{"line":11,"column":71}}]},"2":{"type":"branch","line":11,"loc":{"start":{"line":11,"column":67},"end":{"line":13,"column":70}},"locations":[{"start":{"line":11,"column":67},"end":{"line":13,"column":70}}]},"3":{"type":"branch","line":16,"loc":{"start":{"line":16,"column":17},"end":{"line":16,"column":38}},"locations":[{"start":{"line":16,"column":17},"end":{"line":16,"column":38}}]}},"b":{"0":[6],"1":[4],"2":[2],"3":[2]},"fnMap":{"0":{"name":"Greeting","decl":{"start":{"line":3,"column":45},"end":{"line":23,"column":2}},"loc":{"start":{"line":3,"column":45},"end":{"line":23,"column":2}},"line":3},"1":{"name":"onClick","decl":{"start":{"line":16,"column":17},"end":{"line":16,"column":38}},"loc":{"start":{"line":16,"column":17},"end":{"line":16,"column":38}},"line":16}},"f":{"0":6,"1":2}}
}
